[debug] [2023-05-10T16:59:57.166Z] ----------------------------------------------------------------------
[debug] [2023-05-10T16:59:57.169Z] Command:       /Users/MacswellTheGreat/.nvm/versions/node/v20.0.0/bin/node /Users/MacswellTheGreat/.nvm/versions/node/v20.0.0/bin/firebase init
[debug] [2023-05-10T16:59:57.170Z] CLI Version:   12.0.0
[debug] [2023-05-10T16:59:57.170Z] Platform:      darwin
[debug] [2023-05-10T16:59:57.170Z] Node Version:  v20.0.0
[debug] [2023-05-10T16:59:57.170Z] Time:          Wed May 10 2023 12:59:57 GMT-0400 (Eastern Daylight Time)
[debug] [2023-05-10T16:59:57.170Z] ----------------------------------------------------------------------
[debug] 
[debug] [2023-05-10T16:59:57.234Z] > command requires scopes: ["email","openid","https://www.googleapis.com/auth/cloudplatformprojects.readonly","https://www.googleapis.com/auth/firebase","https://www.googleapis.com/auth/cloud-platform"]
[debug] [2023-05-10T16:59:57.235Z] > authorizing via signed-in user (harnold618@gmail.com)
[info] 
     ######## #### ########  ######## ########     ###     ######  ########
     ##        ##  ##     ## ##       ##     ##  ##   ##  ##       ##
     ######    ##  ########  ######   ########  #########  ######  ######
     ##        ##  ##    ##  ##       ##     ## ##     ##       ## ##
     ##       #### ##     ## ######## ########  ##     ##  ######  ########

You're about to initialize a Firebase project in this directory:

  /Users/Shared/Previously Relocated Items/Security/data/ITP225/pokedex/my-app

Before we get started, keep in mind:

  * You are currently outside your home directory
  * You are initializing within an existing Firebase project directory

